bot/logic_context.py:38: note: By default the bodies of untyped functions are not checked, consider using --check-untyped-defs  [annotation-unchecked]
bot/logic_context.py:46: note: By default the bodies of untyped functions are not checked, consider using --check-untyped-defs  [annotation-unchecked]
bot/observability_analytics.py:117: error: Need type annotation for "chatters_60m"  [var-annotated]
bot/observability_analytics.py:118: error: Need type annotation for "source_counts_60m"  [var-annotated]
bot/observability_analytics.py:127: error: Need type annotation for "triggers_60m"  [var-annotated]
bot/control_plane_config.py:86: error: Argument "fallback" to "to_int" has incompatible type "object"; expected "int"  [arg-type]
bot/control_plane_config.py:94: error: Argument "fallback" to "to_int" has incompatible type "object"; expected "int"  [arg-type]
bot/control_plane_config.py:102: error: Argument "fallback" to "to_int" has incompatible type "object"; expected "int"  [arg-type]
bot/control_plane_config.py:110: error: Argument "fallback" to "to_int" has incompatible type "object"; expected "int"  [arg-type]
bot/control_plane_config.py:118: error: Argument "fallback" to "to_int" has incompatible type "object"; expected "int"  [arg-type]
bot/control_plane_config.py:126: error: Argument "fallback" to "to_int" has incompatible type "object"; expected "int"  [arg-type]
bot/control_plane_config.py:131: error: "object" has no attribute "__iter__"; maybe "__dir__" or "__str__"? (not iterable)  [attr-defined]
bot/control_plane_config.py:156: error: Unsupported operand types for + ("object" and "int")  [operator]
bot/control_plane_config.py:166: error: Unsupported operand types for + ("object" and "int")  [operator]
bot/control_plane_config.py:174: error: Unsupported operand types for + ("object" and "int")  [operator]
bot/control_plane_config.py:181: error: Unsupported operand types for + ("object" and "int")  [operator]
bot/control_plane_config.py:191: error: No overload variant of "int" matches argument type "object"  [call-overload]
bot/control_plane_config.py:191: note: Possible overload variants:
bot/control_plane_config.py:191: note:     def int(str | Buffer | SupportsInt | SupportsIndex | SupportsTrunc = ..., /) -> int
bot/control_plane_config.py:191: note:     def int(str | bytes | bytearray, /, base: SupportsIndex) -> int
bot/control_plane_config.py:195: error: No overload variant of "int" matches argument type "object"  [call-overload]
bot/control_plane_config.py:195: note: Possible overload variants:
bot/control_plane_config.py:195: note:     def int(str | Buffer | SupportsInt | SupportsIndex | SupportsTrunc = ..., /) -> int
bot/control_plane_config.py:195: note:     def int(str | bytes | bytearray, /, base: SupportsIndex) -> int
bot/control_plane_config.py:199: error: No overload variant of "int" matches argument type "object"  [call-overload]
bot/control_plane_config.py:199: note: Possible overload variants:
bot/control_plane_config.py:199: note:     def int(str | Buffer | SupportsInt | SupportsIndex | SupportsTrunc = ..., /) -> int
bot/control_plane_config.py:199: note:     def int(str | bytes | bytearray, /, base: SupportsIndex) -> int
bot/control_plane_config.py:202: error: No overload variant of "int" matches argument type "object"  [call-overload]
bot/control_plane_config.py:202: note: Possible overload variants:
bot/control_plane_config.py:202: note:     def int(str | Buffer | SupportsInt | SupportsIndex | SupportsTrunc = ..., /) -> int
bot/control_plane_config.py:202: note:     def int(str | bytes | bytearray, /, base: SupportsIndex) -> int
bot/control_plane_config.py:205: error: No overload variant of "int" matches argument type "object"  [call-overload]
bot/control_plane_config.py:205: note: Possible overload variants:
bot/control_plane_config.py:205: note:     def int(str | Buffer | SupportsInt | SupportsIndex | SupportsTrunc = ..., /) -> int
bot/control_plane_config.py:205: note:     def int(str | bytes | bytearray, /, base: SupportsIndex) -> int
bot/control_plane_config.py:214: error: Unsupported operand types for + ("object" and "int")  [operator]
bot/control_plane_config.py:226: error: "object" has no attribute "__iter__"; maybe "__dir__" or "__str__"? (not iterable)  [attr-defined]
bot/control_plane_config.py:262: error: No overload variant of "int" matches argument type "object"  [call-overload]
bot/control_plane_config.py:262: note: Possible overload variants:
bot/control_plane_config.py:262: note:     def int(str | Buffer | SupportsInt | SupportsIndex | SupportsTrunc = ..., /) -> int
bot/control_plane_config.py:262: note:     def int(str | bytes | bytearray, /, base: SupportsIndex) -> int
bot/twitch_tokens.py:205: error: Item "None" of "dict[str, Any] | None" has no attribute "get"  [union-attr]
bot/observability_state.py:222: error: Argument "started_at" to "build_observability_snapshot" has incompatible type "object"; expected "float"  [arg-type]
bot/observability_state.py:223: error: Argument "counters" to "build_observability_snapshot" has incompatible type "object"; expected "dict[str, int]"  [arg-type]
bot/observability_state.py:224: error: Argument "route_counts" to "build_observability_snapshot" has incompatible type "object"; expected "dict[str, int]"  [arg-type]
bot/observability_state.py:225: error: Argument "latencies_ms" to "build_observability_snapshot" has incompatible type "object"; expected "list[float]"  [arg-type]
bot/observability_state.py:226: error: Argument "minute_buckets" to "build_observability_snapshot" has incompatible type "object"; expected "dict[int, dict[str, int]]"  [arg-type]
bot/observability_state.py:227: error: Argument "recent_events" to "build_observability_snapshot" has incompatible type "object"; expected "list[dict[str, Any]]"  [arg-type]
bot/observability_state.py:228: error: Argument "chatter_last_seen" to "build_observability_snapshot" has incompatible type "object"; expected "dict[str, float]"  [arg-type]
bot/observability_state.py:229: error: Argument "chat_events" to "build_observability_snapshot" has incompatible type "object"; expected "list[dict[str, Any]]"  [arg-type]
bot/observability_state.py:230: error: Argument "byte_trigger_events" to "build_observability_snapshot" has incompatible type "object"; expected "list[dict[str, Any]]"  [arg-type]
bot/observability_state.py:231: error: Argument "interaction_events" to "build_observability_snapshot" has incompatible type "object"; expected "list[dict[str, Any]]"  [arg-type]
bot/observability_state.py:232: error: Argument "quality_events" to "build_observability_snapshot" has incompatible type "object"; expected "list[dict[str, Any]]"  [arg-type]
bot/observability_state.py:233: error: Argument "token_usage_events" to "build_observability_snapshot" has incompatible type "object"; expected "list[dict[str, Any]]"  [arg-type]
bot/observability_state.py:234: error: Argument "autonomy_goal_events" to "build_observability_snapshot" has incompatible type "object"; expected "list[dict[str, Any]]"  [arg-type]
bot/observability_state.py:235: error: Argument "chatter_message_totals" to "build_observability_snapshot" has incompatible type "object"; expected "dict[str, int]"  [arg-type]
bot/observability_state.py:236: error: Argument "trigger_user_totals" to "build_observability_snapshot" has incompatible type "object"; expected "dict[str, int]"  [arg-type]
bot/observability_state.py:237: error: Argument "unique_chatters_total" to "build_observability_snapshot" has incompatible type "object"; expected "int"  [arg-type]
bot/observability_state.py:238: error: Argument "last_prompt" to "build_observability_snapshot" has incompatible type "object"; expected "str"  [arg-type]
bot/observability_state.py:239: error: Argument "last_reply" to "build_observability_snapshot" has incompatible type "object"; expected "str"  [arg-type]
bot/observability_state.py:240: error: Argument "estimated_cost_usd_total" to "build_observability_snapshot" has incompatible type "object"; expected "float"  [arg-type]
bot/observability_state.py:241: error: Argument "clips_status" to "build_observability_snapshot" has incompatible type "object"; expected "dict[str, bool]"  [arg-type]
bot/logic_inference.py:110: error: Overloaded function signatures 1 and 2 overlap with incompatible return types  [overload-overlap]
bot/vision_runtime.py:104: error: Argument "contents" to "generate_content" of "Models" has incompatible type "list[object]"; expected "Content | ContentDict | str | Image | File | FileDict | Part | PartDict | list[str | Image | File | FileDict | Part | PartDict] | list[Content | ContentDict | str | Image | File | FileDict | Part | PartDict | list[str | Image | File | FileDict | Part | PartDict]]"  [arg-type]
bot/clip_jobs_store.py:5: error: Module "google.cloud" has no attribute "firestore"  [attr-defined]
bot/clip_jobs_runtime.py:277: error: Missing named argument "editor_id" for "get_clip_download_url"  [call-arg]
bot/eventsub_runtime.py:176: error: Signature of "close" incompatible with supertype "Bot"  [override]
bot/eventsub_runtime.py:176: note:      Superclass:
bot/eventsub_runtime.py:176: note:          def close(self, **options: Any) -> Coroutine[Any, Any, None]
bot/eventsub_runtime.py:176: note:      Subclass:
bot/eventsub_runtime.py:176: note:          def close(self) -> Coroutine[Any, Any, None]
bot/eventsub_runtime.py:176: error: Signature of "close" incompatible with supertype "Client"  [override]
bot/eventsub_runtime.py:176: note:      Superclass:
bot/eventsub_runtime.py:176: note:          def close(self, **options: Any) -> Coroutine[Any, Any, None]
bot/eventsub_runtime.py:176: note:      Subclass:
bot/eventsub_runtime.py:176: note:          def close(self) -> Coroutine[Any, Any, None]
bot/tests/scientific_shared.py:63: note: By default the bodies of untyped functions are not checked, consider using --check-untyped-defs  [annotation-unchecked]
bot/tests/scientific/suite_vision.py:10: error: The erased type of self "bot.tests.scientific_shared.ScientificTestCase" is not a supertype of its class "bot.tests.scientific.suite_vision.ScientificVisionTestsMixin"  [misc]
bot/tests/scientific/suite_vision.py:18: error: The erased type of self "bot.tests.scientific_shared.ScientificTestCase" is not a supertype of its class "bot.tests.scientific.suite_vision.ScientificVisionTestsMixin"  [misc]
bot/tests/scientific/suite_vision.py:27: error: The erased type of self "bot.tests.scientific_shared.ScientificTestCase" is not a supertype of its class "bot.tests.scientific.suite_vision.ScientificVisionTestsMixin"  [misc]
bot/tests/scientific/suite_vision.py:35: error: The erased type of self "bot.tests.scientific_shared.ScientificTestCase" is not a supertype of its class "bot.tests.scientific.suite_vision.ScientificVisionTestsMixin"  [misc]
bot/tests/scientific/suite_vision.py:46: error: The erased type of self "bot.tests.scientific_shared.ScientificTestCase" is not a supertype of its class "bot.tests.scientific.suite_vision.ScientificVisionTestsMixin"  [misc]
bot/tests/scientific/suite_vision.py:55: error: The erased type of self "bot.tests.scientific_shared.ScientificTestCase" is not a supertype of its class "bot.tests.scientific.suite_vision.ScientificVisionTestsMixin"  [misc]
bot/tests/scientific/suite_vision.py:63: error: The erased type of self "bot.tests.scientific_shared.ScientificTestCase" is not a supertype of its class "bot.tests.scientific.suite_vision.ScientificVisionTestsMixin"  [misc]
bot/tests/scientific/suite_vision.py:81: error: The erased type of self "bot.tests.scientific_shared.ScientificTestCase" is not a supertype of its class "bot.tests.scientific.suite_vision.ScientificVisionTestsMixin"  [misc]
bot/tests/scientific/suite_vision.py:108: error: The erased type of self "bot.tests.scientific_shared.ScientificTestCase" is not a supertype of its class "bot.tests.scientific.suite_vision.ScientificVisionTestsMixin"  [misc]
bot/tests/scientific/suite_vision.py:128: error: The erased type of self "bot.tests.scientific_shared.ScientificTestCase" is not a supertype of its class "bot.tests.scientific.suite_vision.ScientificVisionTestsMixin"  [misc]
bot/tests/scientific/suite_vision.py:141: error: The erased type of self "bot.tests.scientific_shared.ScientificTestCase" is not a supertype of its class "bot.tests.scientific.suite_vision.ScientificVisionTestsMixin"  [misc]
bot/tests/scientific/suite_sentiment.py:9: error: The erased type of self "bot.tests.scientific_shared.ScientificTestCase" is not a supertype of its class "bot.tests.scientific.suite_sentiment.ScientificSentimentTestsMixin"  [misc]
bot/tests/scientific/suite_sentiment.py:16: error: The erased type of self "bot.tests.scientific_shared.ScientificTestCase" is not a supertype of its class "bot.tests.scientific.suite_sentiment.ScientificSentimentTestsMixin"  [misc]
bot/tests/scientific/suite_sentiment.py:23: error: The erased type of self "bot.tests.scientific_shared.ScientificTestCase" is not a supertype of its class "bot.tests.scientific.suite_sentiment.ScientificSentimentTestsMixin"  [misc]
bot/tests/scientific/suite_sentiment.py:29: error: The erased type of self "bot.tests.scientific_shared.ScientificTestCase" is not a supertype of its class "bot.tests.scientific.suite_sentiment.ScientificSentimentTestsMixin"  [misc]
bot/tests/scientific/suite_sentiment.py:35: error: The erased type of self "bot.tests.scientific_shared.ScientificTestCase" is not a supertype of its class "bot.tests.scientific.suite_sentiment.ScientificSentimentTestsMixin"  [misc]
bot/tests/scientific/suite_sentiment.py:44: error: The erased type of self "bot.tests.scientific_shared.ScientificTestCase" is not a supertype of its class "bot.tests.scientific.suite_sentiment.ScientificSentimentTestsMixin"  [misc]
bot/tests/scientific/suite_sentiment.py:52: error: The erased type of self "bot.tests.scientific_shared.ScientificTestCase" is not a supertype of its class "bot.tests.scientific.suite_sentiment.ScientificSentimentTestsMixin"  [misc]
bot/tests/scientific/suite_sentiment.py:59: error: The erased type of self "bot.tests.scientific_shared.ScientificTestCase" is not a supertype of its class "bot.tests.scientific.suite_sentiment.ScientificSentimentTestsMixin"  [misc]
bot/tests/scientific/suite_sentiment.py:70: error: The erased type of self "bot.tests.scientific_shared.ScientificTestCase" is not a supertype of its class "bot.tests.scientific.suite_sentiment.ScientificSentimentTestsMixin"  [misc]
bot/tests/scientific/suite_sentiment.py:77: error: The erased type of self "bot.tests.scientific_shared.ScientificTestCase" is not a supertype of its class "bot.tests.scientific.suite_sentiment.ScientificSentimentTestsMixin"  [misc]
bot/tests/scientific/suite_sentiment.py:85: error: The erased type of self "bot.tests.scientific_shared.ScientificTestCase" is not a supertype of its class "bot.tests.scientific.suite_sentiment.ScientificSentimentTestsMixin"  [misc]
bot/tests/scientific/suite_sentiment.py:93: error: The erased type of self "bot.tests.scientific_shared.ScientificTestCase" is not a supertype of its class "bot.tests.scientific.suite_sentiment.ScientificSentimentTestsMixin"  [misc]
bot/tests/scientific/suite_sentiment.py:100: error: The erased type of self "bot.tests.scientific_shared.ScientificTestCase" is not a supertype of its class "bot.tests.scientific.suite_sentiment.ScientificSentimentTestsMixin"  [misc]
bot/tests/scientific/suite_sentiment.py:111: error: The erased type of self "bot.tests.scientific_shared.ScientificTestCase" is not a supertype of its class "bot.tests.scientific.suite_sentiment.ScientificSentimentTestsMixin"  [misc]
bot/tests/scientific/suite_sentiment.py:119: error: The erased type of self "bot.tests.scientific_shared.ScientificTestCase" is not a supertype of its class "bot.tests.scientific.suite_sentiment.ScientificSentimentTestsMixin"  [misc]
bot/tests/scientific/suite_recap.py:9: error: The erased type of self "bot.tests.scientific_shared.ScientificTestCase" is not a supertype of its class "bot.tests.scientific.suite_recap.ScientificRecapTestsMixin"  [misc]
bot/tests/scientific/suite_recap.py:15: error: The erased type of self "bot.tests.scientific_shared.ScientificTestCase" is not a supertype of its class "bot.tests.scientific.suite_recap.ScientificRecapTestsMixin"  [misc]
bot/tests/scientific/suite_recap.py:21: error: The erased type of self "bot.tests.scientific_shared.ScientificTestCase" is not a supertype of its class "bot.tests.scientific.suite_recap.ScientificRecapTestsMixin"  [misc]
bot/tests/scientific/suite_recap.py:27: error: The erased type of self "bot.tests.scientific_shared.ScientificTestCase" is not a supertype of its class "bot.tests.scientific.suite_recap.ScientificRecapTestsMixin"  [misc]
bot/tests/scientific/suite_recap.py:33: error: The erased type of self "bot.tests.scientific_shared.ScientificTestCase" is not a supertype of its class "bot.tests.scientific.suite_recap.ScientificRecapTestsMixin"  [misc]
bot/tests/scientific/suite_recap.py:38: error: The erased type of self "bot.tests.scientific_shared.ScientificTestCase" is not a supertype of its class "bot.tests.scientific.suite_recap.ScientificRecapTestsMixin"  [misc]
bot/tests/scientific/suite_recap.py:43: error: The erased type of self "bot.tests.scientific_shared.ScientificTestCase" is not a supertype of its class "bot.tests.scientific.suite_recap.ScientificRecapTestsMixin"  [misc]
bot/tests/scientific/suite_recap.py:52: error: The erased type of self "bot.tests.scientific_shared.ScientificTestCase" is not a supertype of its class "bot.tests.scientific.suite_recap.ScientificRecapTestsMixin"  [misc]
bot/tests/scientific/suite_recap.py:61: error: The erased type of self "bot.tests.scientific_shared.ScientificTestCase" is not a supertype of its class "bot.tests.scientific.suite_recap.ScientificRecapTestsMixin"  [misc]
bot/tests/scientific/suite_recap.py:70: error: The erased type of self "bot.tests.scientific_shared.ScientificTestCase" is not a supertype of its class "bot.tests.scientific.suite_recap.ScientificRecapTestsMixin"  [misc]
bot/tests/scientific/suite_recap.py:82: error: The erased type of self "bot.tests.scientific_shared.ScientificTestCase" is not a supertype of its class "bot.tests.scientific.suite_recap.ScientificRecapTestsMixin"  [misc]
bot/tests/scientific/suite_hud.py:10: error: The erased type of self "bot.tests.scientific_shared.ScientificTestCase" is not a supertype of its class "bot.tests.scientific.suite_hud.ScientificHudTestsMixin"  [misc]
bot/tests/scientific/suite_hud.py:18: error: The erased type of self "bot.tests.scientific_shared.ScientificTestCase" is not a supertype of its class "bot.tests.scientific.suite_hud.ScientificHudTestsMixin"  [misc]
bot/tests/scientific/suite_hud.py:25: error: The erased type of self "bot.tests.scientific_shared.ScientificTestCase" is not a supertype of its class "bot.tests.scientific.suite_hud.ScientificHudTestsMixin"  [misc]
bot/tests/scientific/suite_hud.py:36: error: The erased type of self "bot.tests.scientific_shared.ScientificTestCase" is not a supertype of its class "bot.tests.scientific.suite_hud.ScientificHudTestsMixin"  [misc]
bot/tests/scientific/suite_hud.py:45: error: The erased type of self "bot.tests.scientific_shared.ScientificTestCase" is not a supertype of its class "bot.tests.scientific.suite_hud.ScientificHudTestsMixin"  [misc]
bot/tests/scientific/suite_hud.py:52: error: The erased type of self "bot.tests.scientific_shared.ScientificTestCase" is not a supertype of its class "bot.tests.scientific.suite_hud.ScientificHudTestsMixin"  [misc]
bot/tests/scientific/suite_hud.py:68: error: The erased type of self "bot.tests.scientific_shared.ScientificTestCase" is not a supertype of its class "bot.tests.scientific.suite_hud.ScientificHudTestsMixin"  [misc]
bot/tests/scientific/suite_hud.py:80: error: The erased type of self "bot.tests.scientific_shared.ScientificTestCase" is not a supertype of its class "bot.tests.scientific.suite_hud.ScientificHudTestsMixin"  [misc]
bot/tests/scientific/suite_hud.py:89: error: The erased type of self "bot.tests.scientific_shared.ScientificTestCase" is not a supertype of its class "bot.tests.scientific.suite_hud.ScientificHudTestsMixin"  [misc]
bot/tests/scientific/suite_hud.py:103: error: The erased type of self "bot.tests.scientific_shared.ScientificTestCase" is not a supertype of its class "bot.tests.scientific.suite_hud.ScientificHudTestsMixin"  [misc]
bot/tests/scientific/suite_hud.py:119: error: "object" has no attribute "push_message"  [attr-defined]
bot/tests/scientific/suite_hud.py:119: note: Error code "attr-defined" not covered by "type: ignore" comment
bot/tests/scientific/suite_hud.py:124: error: The erased type of self "bot.tests.scientific_shared.ScientificTestCase" is not a supertype of its class "bot.tests.scientific.suite_hud.ScientificHudTestsMixin"  [misc]
bot/tests/scientific/suite_hud.py:140: error: "object" has no attribute "push_message"  [attr-defined]
bot/tests/scientific/suite_hud.py:140: note: Error code "attr-defined" not covered by "type: ignore" comment
bot/tests/scientific/suite_e2e_macaco.py:25: error: The erased type of self "bot.tests.scientific_shared.ScientificTestCase" is not a supertype of its class "bot.tests.scientific.suite_e2e_macaco.ScientificMacacoModeTestsMixin"  [misc]
bot/tests/scientific/suite_e2e_macaco.py:32: error: The erased type of self "bot.tests.scientific_shared.ScientificTestCase" is not a supertype of its class "bot.tests.scientific.suite_e2e_macaco.ScientificMacacoModeTestsMixin"  [misc]
bot/tests/scientific/suite_e2e_macaco.py:40: error: The erased type of self "bot.tests.scientific_shared.ScientificTestCase" is not a supertype of its class "bot.tests.scientific.suite_e2e_macaco.ScientificMacacoModeTestsMixin"  [misc]
bot/tests/scientific/suite_e2e_macaco.py:49: error: The erased type of self "bot.tests.scientific_shared.ScientificTestCase" is not a supertype of its class "bot.tests.scientific.suite_e2e_macaco.ScientificMacacoModeTestsMixin"  [misc]
bot/tests/scientific/suite_e2e_macaco.py:57: error: The erased type of self "bot.tests.scientific_shared.ScientificTestCase" is not a supertype of its class "bot.tests.scientific.suite_e2e_macaco.ScientificMacacoModeTestsMixin"  [misc]
bot/tests/scientific/suite_e2e_macaco.py:65: error: The erased type of self "bot.tests.scientific_shared.ScientificTestCase" is not a supertype of its class "bot.tests.scientific.suite_e2e_macaco.ScientificMacacoModeTestsMixin"  [misc]
bot/tests/scientific/suite_e2e_macaco.py:72: error: The erased type of self "bot.tests.scientific_shared.ScientificTestCase" is not a supertype of its class "bot.tests.scientific.suite_e2e_macaco.ScientificMacacoModeTestsMixin"  [misc]
bot/tests/scientific/suite_e2e_macaco.py:80: error: The erased type of self "bot.tests.scientific_shared.ScientificTestCase" is not a supertype of its class "bot.tests.scientific.suite_e2e_macaco.ScientificMacacoModeTestsMixin"  [misc]
bot/tests/scientific/suite_e2e_macaco.py:107: error: The erased type of self "bot.tests.scientific_shared.ScientificTestCase" is not a supertype of its class "bot.tests.scientific.suite_e2e_macaco.ScientificMacacoModeTestsMixin"  [misc]
bot/tests/scientific/suite_e2e_macaco.py:115: error: The erased type of self "bot.tests.scientific_shared.ScientificTestCase" is not a supertype of its class "bot.tests.scientific.suite_e2e_macaco.ScientificMacacoModeTestsMixin"  [misc]
bot/tests/scientific/suite_e2e_macaco.py:123: error: The erased type of self "bot.tests.scientific_shared.ScientificTestCase" is not a supertype of its class "bot.tests.scientific.suite_e2e_macaco.ScientificMacacoModeTestsMixin"  [misc]
bot/tests/scientific/suite_e2e_macaco.py:132: error: The erased type of self "bot.tests.scientific_shared.ScientificTestCase" is not a supertype of its class "bot.tests.scientific.suite_e2e_macaco.ScientificMacacoModeTestsMixin"  [misc]
bot/tests/scientific/suite_e2e_macaco.py:140: error: The erased type of self "bot.tests.scientific_shared.ScientificTestCase" is not a supertype of its class "bot.tests.scientific.suite_e2e_macaco.ScientificMacacoModeTestsMixin"  [misc]
bot/tests/scientific/suite_e2e_macaco.py:148: error: The erased type of self "bot.tests.scientific_shared.ScientificTestCase" is not a supertype of its class "bot.tests.scientific.suite_e2e_macaco.ScientificMacacoModeTestsMixin"  [misc]
bot/tests/scientific/suite_e2e_macaco.py:157: error: The erased type of self "bot.tests.scientific_shared.ScientificTestCase" is not a supertype of its class "bot.tests.scientific.suite_e2e_macaco.ScientificMacacoModeTestsMixin"  [misc]
bot/tests/scientific/suite_e2e_macaco.py:193: error: The erased type of self "bot.tests.scientific_shared.ScientificTestCase" is not a supertype of its class "bot.tests.scientific.suite_e2e_macaco.ScientificMacacoModeTestsMixin"  [misc]
bot/tests/scientific/suite_e2e_macaco.py:202: error: The erased type of self "bot.tests.scientific_shared.ScientificTestCase" is not a supertype of its class "bot.tests.scientific.suite_e2e_macaco.ScientificMacacoModeTestsMixin"  [misc]
bot/tests/scientific/suite_e2e_macaco.py:210: error: The erased type of self "bot.tests.scientific_shared.ScientificTestCase" is not a supertype of its class "bot.tests.scientific.suite_e2e_macaco.ScientificMacacoModeTestsMixin"  [misc]
bot/tests/scientific/suite_e2e_macaco.py:218: error: The erased type of self "bot.tests.scientific_shared.ScientificTestCase" is not a supertype of its class "bot.tests.scientific.suite_e2e_macaco.ScientificMacacoModeTestsMixin"  [misc]
bot/tests/scientific/suite_e2e_macaco.py:226: error: The erased type of self "bot.tests.scientific_shared.ScientificTestCase" is not a supertype of its class "bot.tests.scientific.suite_e2e_macaco.ScientificMacacoModeTestsMixin"  [misc]
bot/tests/scientific/suite_e2e_macaco.py:238: error: The erased type of self "bot.tests.scientific_shared.ScientificTestCase" is not a supertype of its class "bot.tests.scientific.suite_e2e_macaco.ScientificMacacoModeTestsMixin"  [misc]
bot/tests/scientific/suite_e2e_macaco.py:252: error: The erased type of self "bot.tests.scientific_shared.ScientificTestCase" is not a supertype of its class "bot.tests.scientific.suite_e2e_macaco.ScientificMacacoModeTestsMixin"  [misc]
bot/tests/scientific/suite_e2e_macaco.py:261: error: The erased type of self "bot.tests.scientific_shared.ScientificTestCase" is not a supertype of its class "bot.tests.scientific.suite_e2e_macaco.ScientificMacacoModeTestsMixin"  [misc]
bot/tests/scientific/suite_e2e_macaco.py:267: error: The erased type of self "bot.tests.scientific_shared.ScientificTestCase" is not a supertype of its class "bot.tests.scientific.suite_e2e_macaco.ScientificMacacoModeTestsMixin"  [misc]
bot/tests/scientific/suite_e2e_macaco.py:273: error: The erased type of self "bot.tests.scientific_shared.ScientificTestCase" is not a supertype of its class "bot.tests.scientific.suite_e2e_macaco.ScientificMacacoModeTestsMixin"  [misc]
bot/tests/scientific/suite_e2e_macaco.py:279: error: The erased type of self "bot.tests.scientific_shared.ScientificTestCase" is not a supertype of its class "bot.tests.scientific.suite_e2e_macaco.ScientificMacacoModeTestsMixin"  [misc]
bot/tests/scientific/suite_e2e_macaco.py:291: error: The erased type of self "bot.tests.scientific_shared.ScientificTestCase" is not a supertype of its class "bot.tests.scientific.suite_e2e_macaco.ScientificMacacoModeTestsMixin"  [misc]
bot/tests/scientific/suite_e2e_macaco.py:299: error: The erased type of self "bot.tests.scientific_shared.ScientificTestCase" is not a supertype of its class "bot.tests.scientific.suite_e2e_macaco.ScientificMacacoModeTestsMixin"  [misc]
bot/tests/scientific/suite_e2e_macaco.py:313: error: The erased type of self "bot.tests.scientific_shared.ScientificTestCase" is not a supertype of its class "bot.tests.scientific.suite_e2e_macaco.ScientificMacacoModeTestsMixin"  [misc]
bot/tests/scientific/suite_e2e_macaco.py:333: error: The erased type of self "bot.tests.scientific_shared.ScientificTestCase" is not a supertype of its class "bot.tests.scientific.suite_e2e_macaco.ScientificMacacoModeTestsMixin"  [misc]
bot/tests/scientific/suite_e2e_macaco.py:345: error: The erased type of self "bot.tests.scientific_shared.ScientificTestCase" is not a supertype of its class "bot.tests.scientific.suite_e2e_macaco.ScientificMacacoModeTestsMixin"  [misc]
bot/tests/scientific/suite_e2e_macaco.py:353: error: The erased type of self "bot.tests.scientific_shared.ScientificTestCase" is not a supertype of its class "bot.tests.scientific.suite_e2e_macaco.ScientificMacacoModeTestsMixin"  [misc]
bot/tests/scientific/suite_e2e_macaco.py:367: error: The erased type of self "bot.tests.scientific_shared.ScientificTestCase" is not a supertype of its class "bot.tests.scientific.suite_e2e_macaco.ScientificMacacoModeTestsMixin"  [misc]
bot/tests/scientific/suite_e2e_macaco.py:377: error: The erased type of self "bot.tests.scientific_shared.ScientificTestCase" is not a supertype of its class "bot.tests.scientific.suite_e2e_macaco.ScientificMacacoModeTestsMixin"  [misc]
bot/tests/scientific/suite_e2e_macaco.py:390: error: The erased type of self "bot.tests.scientific_shared.ScientificTestCase" is not a supertype of its class "bot.tests.scientific.suite_e2e_macaco.ScientificMacacoModeTestsMixin"  [misc]
bot/tests/scientific/suite_e2e_macaco.py:406: error: The erased type of self "bot.tests.scientific_shared.ScientificTestCase" is not a supertype of its class "bot.tests.scientific.suite_e2e_macaco.ScientificMacacoModeTestsMixin"  [misc]
bot/tests/scientific/suite_e2e_macaco.py:428: error: The erased type of self "bot.tests.scientific_shared.ScientificTestCase" is not a supertype of its class "bot.tests.scientific.suite_e2e_macaco.ScientificMacacoModeTestsMixin"  [misc]
bot/tests/scientific/suite_e2e_macaco.py:451: error: The erased type of self "bot.tests.scientific_shared.ScientificTestCase" is not a supertype of its class "bot.tests.scientific.suite_e2e_macaco.ScientificMacacoModeTestsMixin"  [misc]
bot/tests/scientific/suite_e2e_macaco.py:458: error: The erased type of self "bot.tests.scientific_shared.ScientificTestCase" is not a supertype of its class "bot.tests.scientific.suite_e2e_macaco.ScientificMacacoModeTestsMixin"  [misc]
Found 138 errors in 14 files (checked 80 source files)
